<?xml version="1.0" encoding="UTF-8"?><testsuite errors="0" failures="0" name="com.restful.booker.testsuits.CRUDTest" skipped="0" tests="6" time="10.54" timestamp="2023-01-04T21:00:53.036Z[Europe/London]"><testcase classname="com.restful.booker.testsuits.CRUDTest" name="create token"/><testcase classname="com.restful.booker.testsuits.CRUDTest" name="Get All booking Id"/><testcase classname="com.restful.booker.testsuits.CRUDTest" name="Create booking "/><testcase classname="com.restful.booker.testsuits.CRUDTest" name="Get user by single Id"/><testcase classname="com.restful.booker.testsuits.CRUDTest" name="update booking "/><testcase classname="com.restful.booker.testsuits.CRUDTest" name="Delete booking"/></testsuite>